2022-02-21 21:36:43.230 INFO  [acme.Launcher@main] Starting Launcher using Java 1.8.0_312 on luismi-GL62-6QF with PID 16867 (/home/luismi/Workspace-22.0/Frameworks/Acme-Framework-22.0/target/classes started by luismi in /home/luismi/Workspace-22.0/Starters/Acme-Jobs-22.0) 
2022-02-21 21:36:43.231 DEBUG [acme.Launcher@main] Running with Spring Boot v2.4.2, Spring v5.3.3 
2022-02-21 21:36:43.232 INFO  [acme.Launcher@main] The following profiles are active: development,default 
2022-02-21 21:36:45.858 DEBUG [org.apache.jasper.servlet.JasperInitializer@main] Initializing Jasper for context [application] 
2022-02-21 21:36:52.093 DEBUG [org.apache.jasper.servlet.JspServlet@main] Scratch dir for the JSP engine is: [/tmp/tomcat.8080.7172033847116896381/work/Tomcat/localhost/acme-jobs-22.0] 
2022-02-21 21:36:52.094 DEBUG [org.apache.jasper.servlet.JspServlet@main] IMPORTANT: Do not modify the generated servlets 
2022-02-21 21:36:52.109 INFO  [acme.Launcher@main] Started Launcher in 9.517 seconds (JVM running for 10.078) 
2022-02-21 21:36:52.115 DEBUG [acme.Launcher@main] Found classpath entry '/home/luismi/Workspace-22.0/Starters/Acme-Jobs-22.0/target/test-classes/' 
2022-02-21 21:36:52.115 DEBUG [acme.Launcher@main] Found classpath entry '/home/luismi/Workspace-22.0/Starters/Acme-Jobs-22.0/target/classes/' 
2022-02-21 21:36:52.115 DEBUG [acme.Launcher@main] Found classpath entry '/home/luismi/Workspace-22.0/Frameworks/Acme-Framework-22.0/target/classes/' 
2022-02-21 21:36:52.115 DEBUG [acme.Launcher@main] Found classpath entry '/home/luismi/Workspace-22.0/Frameworks/Acme-Framework-22.0/target/test-classes/' 
2022-02-21 21:36:52.116 DEBUG [acme.Launcher@main] Found classpath entry '/home/luismi/.m2/repository/org/springframework/boot/spring-boot-starter-tomcat/2.4.2/spring-boot-starter-tomcat-2.4.2.jar' 
2022-02-21 21:36:52.116 DEBUG [acme.Launcher@main] Found classpath entry '/home/luismi/.m2/repository/jakarta/annotation/jakarta.annotation-api/1.3.5/jakarta.annotation-api-1.3.5.jar' 
2022-02-21 21:36:52.116 DEBUG [acme.Launcher@main] Found classpath entry '/home/luismi/.m2/repository/org/apache/tomcat/embed/tomcat-embed-core/9.0.41/tomcat-embed-core-9.0.41.jar' 
2022-02-21 21:36:52.116 DEBUG [acme.Launcher@main] Found classpath entry '/home/luismi/.m2/repository/org/glassfish/jakarta.el/3.0.3/jakarta.el-3.0.3.jar' 
2022-02-21 21:36:52.117 DEBUG [acme.Launcher@main] Found classpath entry '/home/luismi/.m2/repository/org/apache/tomcat/embed/tomcat-embed-websocket/9.0.41/tomcat-embed-websocket-9.0.41.jar' 
2022-02-21 21:36:52.117 DEBUG [acme.Launcher@main] Found classpath entry '/home/luismi/.m2/repository/org/apache/tomcat/embed/tomcat-embed-jasper/9.0.41/tomcat-embed-jasper-9.0.41.jar' 
2022-02-21 21:36:52.117 DEBUG [acme.Launcher@main] Found classpath entry '/home/luismi/.m2/repository/org/apache/tomcat/embed/tomcat-embed-el/9.0.41/tomcat-embed-el-9.0.41.jar' 
2022-02-21 21:36:52.118 DEBUG [acme.Launcher@main] Found classpath entry '/home/luismi/.m2/repository/org/eclipse/jdt/ecj/3.18.0/ecj-3.18.0.jar' 
2022-02-21 21:36:52.118 DEBUG [acme.Launcher@main] Found classpath entry '/home/luismi/.m2/repository/javax/servlet/jstl/1.2/jstl-1.2.jar' 
2022-02-21 21:36:52.118 DEBUG [acme.Launcher@main] Found classpath entry '/home/luismi/.m2/repository/org/springframework/boot/spring-boot-starter-test/2.4.2/spring-boot-starter-test-2.4.2.jar' 
2022-02-21 21:36:52.118 DEBUG [acme.Launcher@main] Found classpath entry '/home/luismi/.m2/repository/org/springframework/boot/spring-boot-starter/2.4.2/spring-boot-starter-2.4.2.jar' 
2022-02-21 21:36:52.118 DEBUG [acme.Launcher@main] Found classpath entry '/home/luismi/.m2/repository/org/springframework/boot/spring-boot/2.4.2/spring-boot-2.4.2.jar' 
2022-02-21 21:36:52.118 DEBUG [acme.Launcher@main] Found classpath entry '/home/luismi/.m2/repository/org/springframework/boot/spring-boot-autoconfigure/2.4.2/spring-boot-autoconfigure-2.4.2.jar' 
2022-02-21 21:36:52.119 DEBUG [acme.Launcher@main] Found classpath entry '/home/luismi/.m2/repository/org/springframework/boot/spring-boot-starter-logging/2.4.2/spring-boot-starter-logging-2.4.2.jar' 
2022-02-21 21:36:52.119 DEBUG [acme.Launcher@main] Found classpath entry '/home/luismi/.m2/repository/ch/qos/logback/logback-classic/1.2.3/logback-classic-1.2.3.jar' 
2022-02-21 21:36:52.119 DEBUG [acme.Launcher@main] Found classpath entry '/home/luismi/.m2/repository/ch/qos/logback/logback-core/1.2.3/logback-core-1.2.3.jar' 
2022-02-21 21:36:52.119 DEBUG [acme.Launcher@main] Found classpath entry '/home/luismi/.m2/repository/org/apache/logging/log4j/log4j-to-slf4j/2.13.3/log4j-to-slf4j-2.13.3.jar' 
2022-02-21 21:36:52.120 DEBUG [acme.Launcher@main] Found classpath entry '/home/luismi/.m2/repository/org/apache/logging/log4j/log4j-api/2.13.3/log4j-api-2.13.3.jar' 
2022-02-21 21:36:52.120 DEBUG [acme.Launcher@main] Found classpath entry '/home/luismi/.m2/repository/org/slf4j/jul-to-slf4j/1.7.30/jul-to-slf4j-1.7.30.jar' 
2022-02-21 21:36:52.120 DEBUG [acme.Launcher@main] Found classpath entry '/home/luismi/.m2/repository/org/yaml/snakeyaml/1.27/snakeyaml-1.27.jar' 
2022-02-21 21:36:52.121 DEBUG [acme.Launcher@main] Found classpath entry '/home/luismi/.m2/repository/org/springframework/boot/spring-boot-test/2.4.2/spring-boot-test-2.4.2.jar' 
2022-02-21 21:36:52.121 DEBUG [acme.Launcher@main] Found classpath entry '/home/luismi/.m2/repository/org/springframework/boot/spring-boot-test-autoconfigure/2.4.2/spring-boot-test-autoconfigure-2.4.2.jar' 
2022-02-21 21:36:52.122 DEBUG [acme.Launcher@main] Found classpath entry '/home/luismi/.m2/repository/com/jayway/jsonpath/json-path/2.4.0/json-path-2.4.0.jar' 
2022-02-21 21:36:52.122 DEBUG [acme.Launcher@main] Found classpath entry '/home/luismi/.m2/repository/net/minidev/json-smart/2.3/json-smart-2.3.jar' 
2022-02-21 21:36:52.122 DEBUG [acme.Launcher@main] Found classpath entry '/home/luismi/.m2/repository/net/minidev/accessors-smart/1.2/accessors-smart-1.2.jar' 
2022-02-21 21:36:52.123 DEBUG [acme.Launcher@main] Found classpath entry '/home/luismi/.m2/repository/org/ow2/asm/asm/5.0.4/asm-5.0.4.jar' 
2022-02-21 21:36:52.123 DEBUG [acme.Launcher@main] Found classpath entry '/home/luismi/.m2/repository/jakarta/xml/bind/jakarta.xml.bind-api/2.3.3/jakarta.xml.bind-api-2.3.3.jar' 
2022-02-21 21:36:52.123 DEBUG [acme.Launcher@main] Found classpath entry '/home/luismi/.m2/repository/jakarta/activation/jakarta.activation-api/1.2.2/jakarta.activation-api-1.2.2.jar' 
2022-02-21 21:36:52.124 DEBUG [acme.Launcher@main] Found classpath entry '/home/luismi/.m2/repository/org/assertj/assertj-core/3.18.1/assertj-core-3.18.1.jar' 
2022-02-21 21:36:52.124 DEBUG [acme.Launcher@main] Found classpath entry '/home/luismi/.m2/repository/org/hamcrest/hamcrest/2.2/hamcrest-2.2.jar' 
2022-02-21 21:36:52.124 DEBUG [acme.Launcher@main] Found classpath entry '/home/luismi/.m2/repository/org/junit/jupiter/junit-jupiter/5.7.0/junit-jupiter-5.7.0.jar' 
2022-02-21 21:36:52.124 DEBUG [acme.Launcher@main] Found classpath entry '/home/luismi/.m2/repository/org/mockito/mockito-core/3.6.28/mockito-core-3.6.28.jar' 
2022-02-21 21:36:52.125 DEBUG [acme.Launcher@main] Found classpath entry '/home/luismi/.m2/repository/net/bytebuddy/byte-buddy-agent/1.10.19/byte-buddy-agent-1.10.19.jar' 
2022-02-21 21:36:52.125 DEBUG [acme.Launcher@main] Found classpath entry '/home/luismi/.m2/repository/org/objenesis/objenesis/3.1/objenesis-3.1.jar' 
2022-02-21 21:36:52.125 DEBUG [acme.Launcher@main] Found classpath entry '/home/luismi/.m2/repository/org/mockito/mockito-junit-jupiter/3.6.28/mockito-junit-jupiter-3.6.28.jar' 
2022-02-21 21:36:52.125 DEBUG [acme.Launcher@main] Found classpath entry '/home/luismi/.m2/repository/org/skyscreamer/jsonassert/1.5.0/jsonassert-1.5.0.jar' 
2022-02-21 21:36:52.126 DEBUG [acme.Launcher@main] Found classpath entry '/home/luismi/.m2/repository/com/vaadin/external/google/android-json/0.0.20131108.vaadin1/android-json-0.0.20131108.vaadin1.jar' 
2022-02-21 21:36:52.126 DEBUG [acme.Launcher@main] Found classpath entry '/home/luismi/.m2/repository/org/springframework/spring-core/5.3.3/spring-core-5.3.3.jar' 
2022-02-21 21:36:52.126 DEBUG [acme.Launcher@main] Found classpath entry '/home/luismi/.m2/repository/org/springframework/spring-jcl/5.3.3/spring-jcl-5.3.3.jar' 
2022-02-21 21:36:52.126 DEBUG [acme.Launcher@main] Found classpath entry '/home/luismi/.m2/repository/org/springframework/spring-test/5.3.3/spring-test-5.3.3.jar' 
2022-02-21 21:36:52.126 DEBUG [acme.Launcher@main] Found classpath entry '/home/luismi/.m2/repository/org/xmlunit/xmlunit-core/2.7.0/xmlunit-core-2.7.0.jar' 
2022-02-21 21:36:52.126 DEBUG [acme.Launcher@main] Found classpath entry '/home/luismi/.m2/repository/org/springframework/boot/spring-boot-starter-security/2.4.2/spring-boot-starter-security-2.4.2.jar' 
2022-02-21 21:36:52.127 DEBUG [acme.Launcher@main] Found classpath entry '/home/luismi/.m2/repository/org/springframework/spring-aop/5.3.3/spring-aop-5.3.3.jar' 
2022-02-21 21:36:52.127 DEBUG [acme.Launcher@main] Found classpath entry '/home/luismi/.m2/repository/org/springframework/security/spring-security-web/5.4.2/spring-security-web-5.4.2.jar' 
2022-02-21 21:36:52.127 DEBUG [acme.Launcher@main] Found classpath entry '/home/luismi/.m2/repository/org/springframework/security/spring-security-core/5.4.2/spring-security-core-5.4.2.jar' 
2022-02-21 21:36:52.127 DEBUG [acme.Launcher@main] Found classpath entry '/home/luismi/.m2/repository/org/springframework/spring-beans/5.3.3/spring-beans-5.3.3.jar' 
2022-02-21 21:36:52.127 DEBUG [acme.Launcher@main] Found classpath entry '/home/luismi/.m2/repository/org/springframework/spring-context/5.3.3/spring-context-5.3.3.jar' 
2022-02-21 21:36:52.127 DEBUG [acme.Launcher@main] Found classpath entry '/home/luismi/.m2/repository/org/springframework/spring-expression/5.3.3/spring-expression-5.3.3.jar' 
2022-02-21 21:36:52.127 DEBUG [acme.Launcher@main] Found classpath entry '/home/luismi/.m2/repository/org/springframework/spring-web/5.3.3/spring-web-5.3.3.jar' 
2022-02-21 21:36:52.128 DEBUG [acme.Launcher@main] Found classpath entry '/home/luismi/.m2/repository/org/springframework/security/spring-security-config/5.4.2/spring-security-config-5.4.2.jar' 
2022-02-21 21:36:52.128 DEBUG [acme.Launcher@main] Found classpath entry '/home/luismi/.m2/repository/org/springframework/security/spring-security-taglibs/5.4.2/spring-security-taglibs-5.4.2.jar' 
2022-02-21 21:36:52.128 DEBUG [acme.Launcher@main] Found classpath entry '/home/luismi/.m2/repository/org/springframework/security/spring-security-acl/5.4.2/spring-security-acl-5.4.2.jar' 
2022-02-21 21:36:52.128 DEBUG [acme.Launcher@main] Found classpath entry '/home/luismi/.m2/repository/org/springframework/spring-jdbc/5.3.3/spring-jdbc-5.3.3.jar' 
2022-02-21 21:36:52.128 DEBUG [acme.Launcher@main] Found classpath entry '/home/luismi/.m2/repository/org/springframework/spring-tx/5.3.3/spring-tx-5.3.3.jar' 
2022-02-21 21:36:52.128 DEBUG [acme.Launcher@main] Found classpath entry '/home/luismi/.m2/repository/org/springframework/boot/spring-boot-starter-web/2.4.2/spring-boot-starter-web-2.4.2.jar' 
2022-02-21 21:36:52.128 DEBUG [acme.Launcher@main] Found classpath entry '/home/luismi/.m2/repository/org/springframework/boot/spring-boot-starter-json/2.4.2/spring-boot-starter-json-2.4.2.jar' 
2022-02-21 21:36:52.129 DEBUG [acme.Launcher@main] Found classpath entry '/home/luismi/.m2/repository/com/fasterxml/jackson/core/jackson-databind/2.11.4/jackson-databind-2.11.4.jar' 
2022-02-21 21:36:52.129 DEBUG [acme.Launcher@main] Found classpath entry '/home/luismi/.m2/repository/com/fasterxml/jackson/core/jackson-annotations/2.11.4/jackson-annotations-2.11.4.jar' 
2022-02-21 21:36:52.129 DEBUG [acme.Launcher@main] Found classpath entry '/home/luismi/.m2/repository/com/fasterxml/jackson/core/jackson-core/2.11.4/jackson-core-2.11.4.jar' 
2022-02-21 21:36:52.129 DEBUG [acme.Launcher@main] Found classpath entry '/home/luismi/.m2/repository/com/fasterxml/jackson/datatype/jackson-datatype-jdk8/2.11.4/jackson-datatype-jdk8-2.11.4.jar' 
2022-02-21 21:36:52.129 DEBUG [acme.Launcher@main] Found classpath entry '/home/luismi/.m2/repository/com/fasterxml/jackson/datatype/jackson-datatype-jsr310/2.11.4/jackson-datatype-jsr310-2.11.4.jar' 
2022-02-21 21:36:52.129 DEBUG [acme.Launcher@main] Found classpath entry '/home/luismi/.m2/repository/com/fasterxml/jackson/module/jackson-module-parameter-names/2.11.4/jackson-module-parameter-names-2.11.4.jar' 
2022-02-21 21:36:52.129 DEBUG [acme.Launcher@main] Found classpath entry '/home/luismi/.m2/repository/org/springframework/spring-webmvc/5.3.3/spring-webmvc-5.3.3.jar' 
2022-02-21 21:36:52.129 DEBUG [acme.Launcher@main] Found classpath entry '/home/luismi/.m2/repository/org/apache/tiles/tiles-jsp/3.0.8/tiles-jsp-3.0.8.jar' 
2022-02-21 21:36:52.130 DEBUG [acme.Launcher@main] Found classpath entry '/home/luismi/.m2/repository/org/apache/tiles/tiles-servlet/3.0.8/tiles-servlet-3.0.8.jar' 
2022-02-21 21:36:52.130 DEBUG [acme.Launcher@main] Found classpath entry '/home/luismi/.m2/repository/org/apache/tiles/tiles-core/3.0.8/tiles-core-3.0.8.jar' 
2022-02-21 21:36:52.130 DEBUG [acme.Launcher@main] Found classpath entry '/home/luismi/.m2/repository/commons-digester/commons-digester/2.0/commons-digester-2.0.jar' 
2022-02-21 21:36:52.130 DEBUG [acme.Launcher@main] Found classpath entry '/home/luismi/.m2/repository/org/slf4j/jcl-over-slf4j/1.7.30/jcl-over-slf4j-1.7.30.jar' 
2022-02-21 21:36:52.131 DEBUG [acme.Launcher@main] Found classpath entry '/home/luismi/.m2/repository/org/apache/tiles/tiles-request-servlet/1.0.7/tiles-request-servlet-1.0.7.jar' 
2022-02-21 21:36:52.131 DEBUG [acme.Launcher@main] Found classpath entry '/home/luismi/.m2/repository/org/apache/tiles/tiles-template/3.0.8/tiles-template-3.0.8.jar' 
2022-02-21 21:36:52.131 DEBUG [acme.Launcher@main] Found classpath entry '/home/luismi/.m2/repository/org/apache/tiles/tiles-api/3.0.8/tiles-api-3.0.8.jar' 
2022-02-21 21:36:52.131 DEBUG [acme.Launcher@main] Found classpath entry '/home/luismi/.m2/repository/org/apache/tiles/tiles-autotag-core-runtime/1.2/tiles-autotag-core-runtime-1.2.jar' 
2022-02-21 21:36:52.131 DEBUG [acme.Launcher@main] Found classpath entry '/home/luismi/.m2/repository/org/slf4j/slf4j-api/1.7.30/slf4j-api-1.7.30.jar' 
2022-02-21 21:36:52.132 DEBUG [acme.Launcher@main] Found classpath entry '/home/luismi/.m2/repository/org/apache/tiles/tiles-request-jsp/1.0.7/tiles-request-jsp-1.0.7.jar' 
2022-02-21 21:36:52.132 DEBUG [acme.Launcher@main] Found classpath entry '/home/luismi/.m2/repository/org/apache/tiles/tiles-request-api/1.0.7/tiles-request-api-1.0.7.jar' 
2022-02-21 21:36:52.132 DEBUG [acme.Launcher@main] Found classpath entry '/home/luismi/.m2/repository/org/springframework/boot/spring-boot-starter-data-jpa/2.4.2/spring-boot-starter-data-jpa-2.4.2.jar' 
2022-02-21 21:36:52.132 DEBUG [acme.Launcher@main] Found classpath entry '/home/luismi/.m2/repository/org/springframework/boot/spring-boot-starter-aop/2.4.2/spring-boot-starter-aop-2.4.2.jar' 
2022-02-21 21:36:52.132 DEBUG [acme.Launcher@main] Found classpath entry '/home/luismi/.m2/repository/org/aspectj/aspectjweaver/1.9.6/aspectjweaver-1.9.6.jar' 
2022-02-21 21:36:52.132 DEBUG [acme.Launcher@main] Found classpath entry '/home/luismi/.m2/repository/org/springframework/boot/spring-boot-starter-jdbc/2.4.2/spring-boot-starter-jdbc-2.4.2.jar' 
2022-02-21 21:36:52.133 DEBUG [acme.Launcher@main] Found classpath entry '/home/luismi/.m2/repository/jakarta/transaction/jakarta.transaction-api/1.3.3/jakarta.transaction-api-1.3.3.jar' 
2022-02-21 21:36:52.133 DEBUG [acme.Launcher@main] Found classpath entry '/home/luismi/.m2/repository/jakarta/persistence/jakarta.persistence-api/2.2.3/jakarta.persistence-api-2.2.3.jar' 
2022-02-21 21:36:52.133 DEBUG [acme.Launcher@main] Found classpath entry '/home/luismi/.m2/repository/org/hibernate/hibernate-core/5.4.27.Final/hibernate-core-5.4.27.Final.jar' 
2022-02-21 21:36:52.133 DEBUG [acme.Launcher@main] Found classpath entry '/home/luismi/.m2/repository/org/jboss/logging/jboss-logging/3.4.1.Final/jboss-logging-3.4.1.Final.jar' 
2022-02-21 21:36:52.133 DEBUG [acme.Launcher@main] Found classpath entry '/home/luismi/.m2/repository/org/javassist/javassist/3.27.0-GA/javassist-3.27.0-GA.jar' 
2022-02-21 21:36:52.134 DEBUG [acme.Launcher@main] Found classpath entry '/home/luismi/.m2/repository/antlr/antlr/2.7.7/antlr-2.7.7.jar' 
2022-02-21 21:36:52.134 DEBUG [acme.Launcher@main] Found classpath entry '/home/luismi/.m2/repository/org/jboss/jandex/2.1.3.Final/jandex-2.1.3.Final.jar' 
2022-02-21 21:36:52.134 DEBUG [acme.Launcher@main] Found classpath entry '/home/luismi/.m2/repository/com/fasterxml/classmate/1.5.1/classmate-1.5.1.jar' 
2022-02-21 21:36:52.134 DEBUG [acme.Launcher@main] Found classpath entry '/home/luismi/.m2/repository/org/dom4j/dom4j/2.1.3/dom4j-2.1.3.jar' 
2022-02-21 21:36:52.134 DEBUG [acme.Launcher@main] Found classpath entry '/home/luismi/.m2/repository/org/hibernate/common/hibernate-commons-annotations/5.1.2.Final/hibernate-commons-annotations-5.1.2.Final.jar' 
2022-02-21 21:36:52.135 DEBUG [acme.Launcher@main] Found classpath entry '/home/luismi/.m2/repository/org/glassfish/jaxb/jaxb-runtime/2.3.3/jaxb-runtime-2.3.3.jar' 
2022-02-21 21:36:52.135 DEBUG [acme.Launcher@main] Found classpath entry '/home/luismi/.m2/repository/org/glassfish/jaxb/txw2/2.3.3/txw2-2.3.3.jar' 
2022-02-21 21:36:52.135 DEBUG [acme.Launcher@main] Found classpath entry '/home/luismi/.m2/repository/com/sun/istack/istack-commons-runtime/3.0.11/istack-commons-runtime-3.0.11.jar' 
2022-02-21 21:36:52.135 DEBUG [acme.Launcher@main] Found classpath entry '/home/luismi/.m2/repository/com/sun/activation/jakarta.activation/1.2.2/jakarta.activation-1.2.2.jar' 
2022-02-21 21:36:52.135 DEBUG [acme.Launcher@main] Found classpath entry '/home/luismi/.m2/repository/org/springframework/data/spring-data-jpa/2.4.3/spring-data-jpa-2.4.3.jar' 
2022-02-21 21:36:52.136 DEBUG [acme.Launcher@main] Found classpath entry '/home/luismi/.m2/repository/org/springframework/data/spring-data-commons/2.4.3/spring-data-commons-2.4.3.jar' 
2022-02-21 21:36:52.136 DEBUG [acme.Launcher@main] Found classpath entry '/home/luismi/.m2/repository/org/springframework/spring-orm/5.3.3/spring-orm-5.3.3.jar' 
2022-02-21 21:36:52.136 DEBUG [acme.Launcher@main] Found classpath entry '/home/luismi/.m2/repository/org/springframework/spring-aspects/5.3.3/spring-aspects-5.3.3.jar' 
2022-02-21 21:36:52.136 DEBUG [acme.Launcher@main] Found classpath entry '/home/luismi/.m2/repository/org/springframework/boot/spring-boot-starter-validation/2.4.2/spring-boot-starter-validation-2.4.2.jar' 
2022-02-21 21:36:52.136 DEBUG [acme.Launcher@main] Found classpath entry '/home/luismi/.m2/repository/org/hibernate/validator/hibernate-validator/6.1.7.Final/hibernate-validator-6.1.7.Final.jar' 
2022-02-21 21:36:52.137 DEBUG [acme.Launcher@main] Found classpath entry '/home/luismi/.m2/repository/jakarta/validation/jakarta.validation-api/2.0.2/jakarta.validation-api-2.0.2.jar' 
2022-02-21 21:36:52.137 DEBUG [acme.Launcher@main] Found classpath entry '/home/luismi/.m2/repository/mysql/mysql-connector-java/8.0.22/mysql-connector-java-8.0.22.jar' 
2022-02-21 21:36:52.137 DEBUG [acme.Launcher@main] Found classpath entry '/home/luismi/.m2/repository/com/zaxxer/HikariCP/3.4.5/HikariCP-3.4.5.jar' 
2022-02-21 21:36:52.137 DEBUG [acme.Launcher@main] Found classpath entry '/home/luismi/.m2/repository/org/junit/jupiter/junit-jupiter-engine/5.7.0/junit-jupiter-engine-5.7.0.jar' 
2022-02-21 21:36:52.137 DEBUG [acme.Launcher@main] Found classpath entry '/home/luismi/.m2/repository/org/apiguardian/apiguardian-api/1.1.0/apiguardian-api-1.1.0.jar' 
2022-02-21 21:36:52.138 DEBUG [acme.Launcher@main] Found classpath entry '/home/luismi/.m2/repository/org/junit/platform/junit-platform-engine/1.7.0/junit-platform-engine-1.7.0.jar' 
2022-02-21 21:36:52.138 DEBUG [acme.Launcher@main] Found classpath entry '/home/luismi/.m2/repository/org/junit/jupiter/junit-jupiter-api/5.7.0/junit-jupiter-api-5.7.0.jar' 
2022-02-21 21:36:52.138 DEBUG [acme.Launcher@main] Found classpath entry '/home/luismi/.m2/repository/org/opentest4j/opentest4j/1.2.0/opentest4j-1.2.0.jar' 
2022-02-21 21:36:52.138 DEBUG [acme.Launcher@main] Found classpath entry '/home/luismi/.m2/repository/org/junit/platform/junit-platform-commons/1.7.0/junit-platform-commons-1.7.0.jar' 
2022-02-21 21:36:52.138 DEBUG [acme.Launcher@main] Found classpath entry '/home/luismi/.m2/repository/org/junit/jupiter/junit-jupiter-params/5.7.0/junit-jupiter-params-5.7.0.jar' 
2022-02-21 21:36:52.138 DEBUG [acme.Launcher@main] Found classpath entry '/home/luismi/.m2/repository/org/junit/platform/junit-platform-launcher/1.7.0/junit-platform-launcher-1.7.0.jar' 
2022-02-21 21:36:52.138 DEBUG [acme.Launcher@main] Found classpath entry '/home/luismi/.m2/repository/org/seleniumhq/selenium/selenium-java/3.141.59/selenium-java-3.141.59.jar' 
2022-02-21 21:36:52.138 DEBUG [acme.Launcher@main] Found classpath entry '/home/luismi/.m2/repository/org/seleniumhq/selenium/selenium-api/3.141.59/selenium-api-3.141.59.jar' 
2022-02-21 21:36:52.139 DEBUG [acme.Launcher@main] Found classpath entry '/home/luismi/.m2/repository/org/seleniumhq/selenium/selenium-chrome-driver/3.141.59/selenium-chrome-driver-3.141.59.jar' 
2022-02-21 21:36:52.139 DEBUG [acme.Launcher@main] Found classpath entry '/home/luismi/.m2/repository/org/seleniumhq/selenium/selenium-edge-driver/3.141.59/selenium-edge-driver-3.141.59.jar' 
2022-02-21 21:36:52.139 DEBUG [acme.Launcher@main] Found classpath entry '/home/luismi/.m2/repository/org/seleniumhq/selenium/selenium-firefox-driver/3.141.59/selenium-firefox-driver-3.141.59.jar' 
2022-02-21 21:36:52.139 DEBUG [acme.Launcher@main] Found classpath entry '/home/luismi/.m2/repository/org/seleniumhq/selenium/selenium-ie-driver/3.141.59/selenium-ie-driver-3.141.59.jar' 
2022-02-21 21:36:52.139 DEBUG [acme.Launcher@main] Found classpath entry '/home/luismi/.m2/repository/org/seleniumhq/selenium/selenium-opera-driver/3.141.59/selenium-opera-driver-3.141.59.jar' 
2022-02-21 21:36:52.139 DEBUG [acme.Launcher@main] Found classpath entry '/home/luismi/.m2/repository/org/seleniumhq/selenium/selenium-remote-driver/3.141.59/selenium-remote-driver-3.141.59.jar' 
2022-02-21 21:36:52.139 DEBUG [acme.Launcher@main] Found classpath entry '/home/luismi/.m2/repository/org/seleniumhq/selenium/selenium-safari-driver/3.141.59/selenium-safari-driver-3.141.59.jar' 
2022-02-21 21:36:52.139 DEBUG [acme.Launcher@main] Found classpath entry '/home/luismi/.m2/repository/org/seleniumhq/selenium/selenium-support/3.141.59/selenium-support-3.141.59.jar' 
2022-02-21 21:36:52.139 DEBUG [acme.Launcher@main] Found classpath entry '/home/luismi/.m2/repository/net/bytebuddy/byte-buddy/1.10.19/byte-buddy-1.10.19.jar' 
2022-02-21 21:36:52.139 DEBUG [acme.Launcher@main] Found classpath entry '/home/luismi/.m2/repository/org/apache/commons/commons-exec/1.3/commons-exec-1.3.jar' 
2022-02-21 21:36:52.140 DEBUG [acme.Launcher@main] Found classpath entry '/home/luismi/.m2/repository/com/google/guava/guava/25.0-jre/guava-25.0-jre.jar' 
2022-02-21 21:36:52.140 DEBUG [acme.Launcher@main] Found classpath entry '/home/luismi/.m2/repository/com/google/code/findbugs/jsr305/1.3.9/jsr305-1.3.9.jar' 
2022-02-21 21:36:52.140 DEBUG [acme.Launcher@main] Found classpath entry '/home/luismi/.m2/repository/org/checkerframework/checker-compat-qual/2.0.0/checker-compat-qual-2.0.0.jar' 
2022-02-21 21:36:52.140 DEBUG [acme.Launcher@main] Found classpath entry '/home/luismi/.m2/repository/com/google/errorprone/error_prone_annotations/2.1.3/error_prone_annotations-2.1.3.jar' 
2022-02-21 21:36:52.140 DEBUG [acme.Launcher@main] Found classpath entry '/home/luismi/.m2/repository/com/google/j2objc/j2objc-annotations/1.1/j2objc-annotations-1.1.jar' 
2022-02-21 21:36:52.140 DEBUG [acme.Launcher@main] Found classpath entry '/home/luismi/.m2/repository/org/codehaus/mojo/animal-sniffer-annotations/1.14/animal-sniffer-annotations-1.14.jar' 
2022-02-21 21:36:52.140 DEBUG [acme.Launcher@main] Found classpath entry '/home/luismi/.m2/repository/com/squareup/okhttp3/okhttp/3.14.9/okhttp-3.14.9.jar' 
2022-02-21 21:36:52.140 DEBUG [acme.Launcher@main] Found classpath entry '/home/luismi/.m2/repository/com/squareup/okio/okio/1.14.0/okio-1.14.0.jar' 
2022-02-21 21:36:52.140 DEBUG [acme.Launcher@main] Found classpath entry '/home/luismi/.m2/repository/org/apache/commons/commons-lang3/3.11/commons-lang3-3.11.jar' 
2022-02-21 21:36:52.140 DEBUG [acme.Launcher@main] Found classpath entry '/home/luismi/.m2/repository/org/apache/commons/commons-text/1.8/commons-text-1.8.jar' 
2022-02-21 21:36:52.140 DEBUG [acme.Launcher@main] Found classpath entry '/home/luismi/.m2/repository/commons-io/commons-io/2.6/commons-io-2.6.jar' 
2022-02-21 21:36:52.140 DEBUG [acme.Launcher@main] Found classpath entry '/home/luismi/.m2/repository/commons-cli/commons-cli/1.4/commons-cli-1.4.jar' 
2022-02-21 21:36:52.141 DEBUG [acme.Launcher@main] Found classpath entry '/home/luismi/.m2/repository/org/projectlombok/lombok/1.18.16/lombok-1.18.16.jar' 
2022-02-21 21:36:52.141 DEBUG [acme.Launcher@main] Found classpath entry '/home/luismi/.m2/repository/com/opencsv/opencsv/5.4/opencsv-5.4.jar' 
2022-02-21 21:36:52.141 DEBUG [acme.Launcher@main] Found classpath entry '/home/luismi/.m2/repository/commons-beanutils/commons-beanutils/1.9.4/commons-beanutils-1.9.4.jar' 
2022-02-21 21:36:52.141 DEBUG [acme.Launcher@main] Found classpath entry '/home/luismi/.m2/repository/commons-logging/commons-logging/1.2/commons-logging-1.2.jar' 
2022-02-21 21:36:52.141 DEBUG [acme.Launcher@main] Found classpath entry '/home/luismi/.m2/repository/commons-collections/commons-collections/3.2.2/commons-collections-3.2.2.jar' 
2022-02-21 21:36:52.141 DEBUG [acme.Launcher@main] Found classpath entry '/home/luismi/.m2/repository/org/apache/commons/commons-collections4/4.4/commons-collections4-4.4.jar' 
2022-02-21 21:36:52.174 DEBUG [acme.Launcher@main] Found entity class 'acme.entities.announcements.Announcement 
2022-02-21 21:36:52.175 DEBUG [acme.Launcher@main] Found entity class 'acme.entities.banners.Banner 
2022-02-21 21:36:52.175 DEBUG [acme.Launcher@main] Found entity class 'acme.entities.jobs.Application 
2022-02-21 21:36:52.175 DEBUG [acme.Launcher@main] Found entity class 'acme.entities.jobs.Duty 
2022-02-21 21:36:52.175 DEBUG [acme.Launcher@main] Found entity class 'acme.entities.jobs.Job 
2022-02-21 21:36:52.175 DEBUG [acme.Launcher@main] Found entity class 'acme.entities.shouts.Shout 
2022-02-21 21:36:52.175 DEBUG [acme.Launcher@main] Found entity class 'acme.roles.Employer 
2022-02-21 21:36:52.175 DEBUG [acme.Launcher@main] Found entity class 'acme.roles.Worker 
2022-02-21 21:36:52.175 DEBUG [acme.Launcher@main] Found entity class 'acme.framework.entities.UserAccount 
2022-02-21 21:36:52.175 DEBUG [acme.Launcher@main] Found entity class 'acme.framework.roles.Administrator 
2022-02-21 21:36:52.175 DEBUG [acme.Launcher@main] Found entity class 'acme.framework.roles.Anonymous 
2022-02-21 21:36:52.176 DEBUG [acme.Launcher@main] Found entity class 'acme.framework.roles.Authenticated 
2022-02-21 21:36:52.179 INFO  [acme.Launcher@main] Running application (Standalone) 
2022-02-21 21:37:10.373 DEBUG [org.hibernate.SQL@http-nio-8080-exec-1] select count(banner0_.id) as col_0_0_ from banner banner0_ 
2022-02-21 21:37:10.427 DEBUG [acme.framework.components.tiles.DynamicTilesView@http-nio-8080-exec-1] View name 'fragments/welcome', model {banner=null} 
2022-02-21 21:37:10.454 DEBUG [org.apache.tiles.definition.dao.BaseLocaleUrlDefinitionDAO@http-nio-8080-exec-1] File Resource file:/home/luismi/Workspace-22.0/Starters/Acme-Jobs-22.0/target/classes/WEB-INF/views/master/tiles_en.xml at file:/home/luismi/Workspace-22.0/Starters/Acme-Jobs-22.0/target/classes/WEB-INF/views/master/tiles_en.xml not found, continue 
2022-02-21 21:37:10.465 DEBUG [org.apache.jasper.servlet.JspServlet@http-nio-8080-exec-1] JspEngine --> /WEB-INF/views/master/page.jsp 
2022-02-21 21:37:10.465 DEBUG [org.apache.jasper.servlet.JspServlet@http-nio-8080-exec-1] ServletPath: /WEB-INF/views/master/page.jsp 
2022-02-21 21:37:10.466 DEBUG [org.apache.jasper.servlet.JspServlet@http-nio-8080-exec-1] PathInfo: null 
2022-02-21 21:37:10.468 DEBUG [org.apache.jasper.servlet.JspServlet@http-nio-8080-exec-1] RealPath: /home/luismi/Workspace-22.0/Starters/Acme-Jobs-22.0/target/classes/WEB-INF/views/master/page.jsp 
2022-02-21 21:37:10.469 DEBUG [org.apache.jasper.servlet.JspServlet@http-nio-8080-exec-1] RequestURI: /acme-jobs-22.0/WEB-INF/views/master/page.jsp 
2022-02-21 21:37:10.469 DEBUG [org.apache.jasper.servlet.JspServlet@http-nio-8080-exec-1] QueryString: null 
2022-02-21 21:37:13.707 DEBUG [acme.framework.configuration.ExtendedMessageSource@http-nio-8080-exec-1] Loading properties [messsages-en.i18n] with encoding 'utf-8' 
2022-02-21 21:37:13.708 DEBUG [acme.framework.configuration.ExtendedMessageSource@http-nio-8080-exec-1] Loading properties [messsages-en.i18n] with encoding 'utf-8' 
2022-02-21 21:37:13.709 DEBUG [acme.framework.configuration.ExtendedMessageSource@http-nio-8080-exec-1] Loading properties [messsages-en.i18n] with encoding 'utf-8' 
2022-02-21 21:37:13.712 DEBUG [acme.framework.configuration.ExtendedMessageSource@http-nio-8080-exec-1] Loading properties [messsages-en.i18n] with encoding 'utf-8' 
2022-02-21 21:37:13.713 DEBUG [acme.framework.configuration.ExtendedMessageSource@http-nio-8080-exec-1] Loading properties [messsages-en.i18n] with encoding 'utf-8' 
2022-02-21 21:37:13.713 DEBUG [acme.framework.configuration.ExtendedMessageSource@http-nio-8080-exec-1] Loading properties [messsages-en.i18n] with encoding 'utf-8' 
2022-02-21 21:37:13.714 DEBUG [acme.framework.configuration.ExtendedMessageSource@http-nio-8080-exec-1] Loading properties [messsages-en.i18n] with encoding 'utf-8' 
2022-02-21 21:37:13.715 DEBUG [acme.framework.configuration.ExtendedMessageSource@http-nio-8080-exec-1] Loading properties [messsages-en.i18n] with encoding 'utf-8' 
2022-02-21 21:37:13.715 DEBUG [acme.framework.configuration.ExtendedMessageSource@http-nio-8080-exec-1] Loading properties [messsages-en.i18n] with encoding 'utf-8' 
2022-02-21 21:37:13.717 DEBUG [acme.framework.configuration.ExtendedMessageSource@http-nio-8080-exec-1] Loading properties [messsages-en.i18n] with encoding 'utf-8' 
2022-02-21 21:37:13.717 DEBUG [acme.framework.configuration.ExtendedMessageSource@http-nio-8080-exec-1] Loading properties [messsages-en.i18n] with encoding 'utf-8' 
2022-02-21 21:37:13.718 DEBUG [acme.framework.configuration.ExtendedMessageSource@http-nio-8080-exec-1] Loading properties [messsages-en.i18n] with encoding 'utf-8' 
2022-02-21 21:37:13.718 DEBUG [acme.framework.configuration.ExtendedMessageSource@http-nio-8080-exec-1] Loading properties [messsages-en.i18n] with encoding 'utf-8' 
2022-02-21 21:37:13.719 DEBUG [acme.framework.configuration.ExtendedMessageSource@http-nio-8080-exec-1] Loading properties [messsages-en.i18n] with encoding 'utf-8' 
2022-02-21 21:37:13.719 DEBUG [acme.framework.configuration.ExtendedMessageSource@http-nio-8080-exec-1] Loading properties [messsages-en.i18n] with encoding 'utf-8' 
2022-02-21 21:37:13.720 DEBUG [acme.framework.configuration.ExtendedMessageSource@http-nio-8080-exec-1] Loading properties [messsages-en.i18n] with encoding 'utf-8' 
2022-02-21 21:37:13.722 DEBUG [acme.framework.configuration.ExtendedMessageSource@http-nio-8080-exec-1] Loading properties [defaults-en.i18n] with encoding 'utf-8' 
2022-02-21 21:37:13.723 DEBUG [acme.framework.configuration.ExtendedMessageSource@http-nio-8080-exec-1] Loading properties [master-en.i18n] with encoding 'utf-8' 
2022-02-21 21:37:13.724 DEBUG [acme.framework.configuration.ExtendedMessageSource@http-nio-8080-exec-1] Loading properties [throwables-en.i18n] with encoding 'utf-8' 
2022-02-21 21:37:13.724 DEBUG [acme.framework.configuration.ExtendedMessageSource@http-nio-8080-exec-1] Loading properties [validation-en.i18n] with encoding 'utf-8' 
2022-02-21 21:37:13.725 DEBUG [acme.framework.configuration.ExtendedMessageSource@http-nio-8080-exec-1] Loading properties [messsages-en.i18n] with encoding 'utf-8' 
2022-02-21 21:37:13.725 DEBUG [acme.framework.configuration.ExtendedMessageSource@http-nio-8080-exec-1] Loading properties [messsages-en.i18n] with encoding 'utf-8' 
2022-02-21 21:37:13.726 DEBUG [acme.framework.configuration.ExtendedMessageSource@http-nio-8080-exec-1] Loading properties [messsages-en.i18n] with encoding 'utf-8' 
2022-02-21 21:37:13.810 DEBUG [org.apache.jasper.servlet.JspServlet@http-nio-8080-exec-1] JspEngine --> /WEB-INF/views/fragments/welcome.jsp 
2022-02-21 21:37:13.811 DEBUG [org.apache.jasper.servlet.JspServlet@http-nio-8080-exec-1] ServletPath: /WEB-INF/views/master/page.jsp 
2022-02-21 21:37:13.811 DEBUG [org.apache.jasper.servlet.JspServlet@http-nio-8080-exec-1] PathInfo: null 
2022-02-21 21:37:13.812 DEBUG [org.apache.jasper.servlet.JspServlet@http-nio-8080-exec-1] RealPath: /home/luismi/Workspace-22.0/Starters/Acme-Jobs-22.0/target/classes/WEB-INF/views/fragments/welcome.jsp 
2022-02-21 21:37:13.812 DEBUG [org.apache.jasper.servlet.JspServlet@http-nio-8080-exec-1] RequestURI: /acme-jobs-22.0/WEB-INF/views/master/page.jsp 
2022-02-21 21:37:13.813 DEBUG [org.apache.jasper.servlet.JspServlet@http-nio-8080-exec-1] QueryString: null 
2022-02-21 21:37:14.032 DEBUG [org.hibernate.SQL@http-nio-8080-exec-1] select useraccoun0_.id as id1_0_, useraccoun0_.version as version2_0_, useraccoun0_.enabled as enabled1_11_, useraccoun0_.identity_email as identity2_11_, useraccoun0_.identity_name as identity3_11_, useraccoun0_.identity_surname as identity4_11_, useraccoun0_.password as password5_11_, useraccoun0_.username as username6_11_ from user_account useraccoun0_ where useraccoun0_.username=? 
2022-02-21 21:37:14.038 TRACE [org.hibernate.type.descriptor.sql.BasicBinder@http-nio-8080-exec-1] binding parameter [1] as [VARCHAR] - [anonymous] 
2022-02-21 21:37:14.080 DEBUG [org.hibernate.SQL@http-nio-8080-exec-1] select roles0_.user_account_id as user_acc1_12_0_, roles0_.id as id1_12_0_, roles0_.id as id1_0_1_, roles0_.version as version2_0_1_, roles0_.user_account_id as user_acc1_12_1_, roles0_.company as company1_8_1_, roles0_.sector as sector2_8_1_, roles0_.qualifications as qualific1_13_1_, roles0_.skills as skills2_13_1_, roles0_.clazz_ as clazz_1_ from ( select id, version, user_account_id, company, sector, null as qualifications, null as skills, 8 as clazz_ from employer union all select id, version, user_account_id, null as company, null as sector, qualifications, skills, 9 as clazz_ from worker union all select id, version, user_account_id, null as company, null as sector, null as qualifications, null as skills, 11 as clazz_ from administrator union all select id, version, user_account_id, null as company, null as sector, null as qualifications, null as skills, 12 as clazz_ from anonymous union all select id, version, user_account_id, null as company, null as sector, null as qualifications, null as skills, 13 as clazz_ from authenticated ) roles0_ where roles0_.user_account_id=? 
2022-02-21 21:37:14.081 TRACE [org.hibernate.type.descriptor.sql.BasicBinder@http-nio-8080-exec-1] binding parameter [1] as [INTEGER] - [1] 
2022-02-21 21:39:28.662 INFO  [acme.framework.configuration.ShutdownConfiguration@SpringContextShutdownHook] The system is shutting down... 
